2023/10/28 09:43:59 [9054] main-server.c:143 at connection_mgr(): [DEBUG]: Connection manager started.
2023/10/28 09:43:59 [9054] main-server.c:225 at data_mgr(): [DEBUG]: Data manager started.
2023/10/28 09:44:01 [9070] client.c:77 at main(): [INFO]: Connect to server successfully.
2023/10/28 09:44:01 [9054] main-server.c:192 at connection_mgr(): [INFO]: New connection from 192.168.107.128
2023/10/28 09:44:01 [9055] main-server.c:93 at main(): [DEBUG]: Bytes write: 38
2023/10/28 09:44:02 [9054] main-server.c:192 at connection_mgr(): [INFO]: New connection from 192.168.107.128
2023/10/28 09:44:02 [9079] client.c:77 at main(): [INFO]: Connect to server successfully.
2023/10/28 09:44:02 [9055] main-server.c:93 at main(): [DEBUG]: Bytes write: 39
2023/10/28 09:44:03 [9055] main-server.c:93 at main(): [DEBUG]: Bytes write: 38
2023/10/28 09:44:04 [9055] main-server.c:93 at main(): [DEBUG]: Bytes write: 39
2023/10/28 09:44:05 [9055] main-server.c:93 at main(): [DEBUG]: Bytes write: 38
2023/10/28 09:44:06 [9055] main-server.c:93 at main(): [DEBUG]: Bytes write: 39
2023/10/28 09:44:07 [9055] main-server.c:93 at main(): [DEBUG]: Bytes write: 38
2023/10/28 09:44:08 [9055] main-server.c:93 at main(): [DEBUG]: Bytes write: 39
2023/10/28 09:44:09 [9055] main-server.c:93 at main(): [DEBUG]: Bytes write: 38
2023/10/28 09:44:10 [9054] main-server.c:203 at connection_mgr(): [ERROR]: (1114): Error recv due to [(0)-(Success)].
2023/10/28 09:44:11 [9055] main-server.c:93 at main(): [DEBUG]: Bytes write: 38
2023/10/28 09:44:11 [9054] main-server.c:203 at connection_mgr(): [ERROR]: (1114): Error recv due to [(0)-(Success)].
2023/10/28 09:44:17 [9054] main-server.c:192 at connection_mgr(): [INFO]: New connection from 192.168.107.128
2023/10/28 09:44:17 [9134] client.c:77 at main(): [INFO]: Connect to server successfully.
2023/10/28 09:44:17 [9055] main-server.c:93 at main(): [DEBUG]: Bytes write: 38
2023/10/28 09:44:19 [9054] main-server.c:192 at connection_mgr(): [INFO]: New connection from 192.168.107.128
2023/10/28 09:44:19 [9135] client.c:77 at main(): [INFO]: Connect to server successfully.
2023/10/28 09:44:19 [9055] main-server.c:93 at main(): [DEBUG]: Bytes write: 39
2023/10/28 09:44:19 [9055] main-server.c:93 at main(): [DEBUG]: Bytes write: 38
2023/10/28 09:44:21 [9055] main-server.c:93 at main(): [DEBUG]: Bytes write: 39
2023/10/28 09:44:21 [9055] main-server.c:93 at main(): [DEBUG]: Bytes write: 38
2023/10/28 09:44:23 [9055] main-server.c:93 at main(): [DEBUG]: Bytes write: 39
2023/10/28 09:44:23 [9055] main-server.c:93 at main(): [DEBUG]: Bytes write: 38
2023/10/28 09:44:25 [9055] main-server.c:93 at main(): [DEBUG]: Bytes write: 39
2023/10/28 09:44:25 [9055] main-server.c:93 at main(): [DEBUG]: Bytes write: 38
2023/10/28 09:44:27 [9055] main-server.c:93 at main(): [DEBUG]: Bytes write: 39
2023/10/28 09:44:27 [9055] main-server.c:93 at main(): [DEBUG]: Bytes write: 38
2023/10/28 09:44:29 [9055] main-server.c:93 at main(): [DEBUG]: Bytes write: 39
2023/10/28 09:44:29 [9055] main-server.c:93 at main(): [DEBUG]: Bytes write: 38
2023/10/28 09:44:31 [9055] main-server.c:93 at main(): [DEBUG]: Bytes write: 39
2023/10/28 09:44:31 [9055] main-server.c:93 at main(): [DEBUG]: Bytes write: 38
2023/10/28 09:44:33 [9055] main-server.c:93 at main(): [DEBUG]: Bytes write: 39
2023/10/28 09:44:33 [9055] main-server.c:93 at main(): [DEBUG]: Bytes write: 38
2023/10/28 09:44:35 [9055] main-server.c:93 at main(): [DEBUG]: Bytes write: 39
2023/10/28 09:44:35 [9055] main-server.c:93 at main(): [DEBUG]: Bytes write: 38
2023/10/28 09:44:37 [9055] main-server.c:93 at main(): [DEBUG]: Bytes write: 39
2023/10/28 09:44:37 [9055] main-server.c:93 at main(): [DEBUG]: Bytes write: 38
2023/10/28 09:44:39 [9055] main-server.c:93 at main(): [DEBUG]: Bytes write: 39
2023/10/28 09:44:39 [9055] main-server.c:93 at main(): [DEBUG]: Bytes write: 38
2023/10/28 09:44:41 [9055] main-server.c:93 at main(): [DEBUG]: Bytes write: 39
2023/10/28 09:44:41 [9055] main-server.c:93 at main(): [DEBUG]: Bytes write: 38
2023/10/28 09:44:43 [9055] main-server.c:93 at main(): [DEBUG]: Bytes write: 39
2023/10/28 09:44:43 [9055] main-server.c:93 at main(): [DEBUG]: Bytes write: 38
2023/10/28 09:44:45 [9055] main-server.c:93 at main(): [DEBUG]: Bytes write: 39
2023/10/28 09:44:45 [9055] main-server.c:93 at main(): [DEBUG]: Bytes write: 38
2023/10/28 09:44:47 [9055] main-server.c:93 at main(): [DEBUG]: Bytes write: 39
2023/10/28 09:44:47 [9055] main-server.c:93 at main(): [DEBUG]: Bytes write: 38
2023/10/28 09:44:49 [9055] main-server.c:93 at main(): [DEBUG]: Bytes write: 39
2023/10/28 09:44:49 [9055] main-server.c:93 at main(): [DEBUG]: Bytes write: 38
2023/10/28 09:44:51 [9055] main-server.c:93 at main(): [DEBUG]: Bytes write: 39
2023/10/28 09:44:51 [9055] main-server.c:93 at main(): [DEBUG]: Bytes write: 38
2023/10/28 09:44:53 [9055] main-server.c:93 at main(): [DEBUG]: Bytes write: 39
2023/10/28 09:44:53 [9055] main-server.c:93 at main(): [DEBUG]: Bytes write: 38
2023/10/28 09:44:55 [9055] main-server.c:93 at main(): [DEBUG]: Bytes write: 39
2023/10/28 09:44:55 [9055] main-server.c:93 at main(): [DEBUG]: Bytes write: 38
2023/10/28 09:44:57 [9055] main-server.c:93 at main(): [DEBUG]: Bytes write: 39
2023/10/28 09:44:57 [9055] main-server.c:93 at main(): [DEBUG]: Bytes write: 38
2023/10/28 09:44:59 [9055] main-server.c:93 at main(): [DEBUG]: Bytes write: 39
2023/10/28 09:44:59 [9055] main-server.c:93 at main(): [DEBUG]: Bytes write: 38
2023/10/28 09:45:01 [9055] main-server.c:93 at main(): [DEBUG]: Bytes write: 39
2023/10/28 09:45:01 [9055] main-server.c:93 at main(): [DEBUG]: Bytes write: 38
2023/10/28 09:45:03 [9055] main-server.c:93 at main(): [DEBUG]: Bytes write: 39
2023/10/28 09:45:03 [9055] main-server.c:93 at main(): [DEBUG]: Bytes write: 38
2023/10/28 09:45:05 [9055] main-server.c:93 at main(): [DEBUG]: Bytes write: 39
2023/10/28 09:45:05 [9054] main-server.c:203 at connection_mgr(): [ERROR]: (1114): Error recv due to [(0)-(Success)].
2023/10/28 09:45:05 [9054] main-server.c:203 at connection_mgr(): [ERROR]: (1114): Error recv due to [(0)-(Success)].
2023/10/28 09:45:11 [9332] main-server.c:143 at connection_mgr(): [DEBUG]: Connection manager started.
2023/10/28 09:45:11 [9332] main-server.c:225 at data_mgr(): [DEBUG]: Data manager started.
2023/10/28 09:45:13 [9332] main-server.c:192 at connection_mgr(): [INFO]: New connection from 192.168.107.128
2023/10/28 09:45:13 [9348] client.c:77 at main(): [INFO]: Connect to server successfully.
2023/10/28 09:45:13 [9333] main-server.c:93 at main(): [DEBUG]: Bytes write: 38
2023/10/28 09:45:14 [9332] main-server.c:192 at connection_mgr(): [INFO]: New connection from 192.168.107.128
2023/10/28 09:45:14 [9356] client.c:77 at main(): [INFO]: Connect to server successfully.
2023/10/28 09:45:14 [9333] main-server.c:93 at main(): [DEBUG]: Bytes write: 39
2023/10/28 09:45:15 [9333] main-server.c:93 at main(): [DEBUG]: Bytes write: 38
2023/10/28 09:45:16 [9333] main-server.c:93 at main(): [DEBUG]: Bytes write: 39
2023/10/28 09:45:17 [9333] main-server.c:93 at main(): [DEBUG]: Bytes write: 38
2023/10/28 09:45:18 [9333] main-server.c:93 at main(): [DEBUG]: Bytes write: 39
2023/10/28 09:45:19 [9333] main-server.c:93 at main(): [DEBUG]: Bytes write: 38
2023/10/28 09:45:20 [9333] main-server.c:93 at main(): [DEBUG]: Bytes write: 39
2023/10/28 09:45:21 [9333] main-server.c:93 at main(): [DEBUG]: Bytes write: 38
2023/10/28 09:45:22 [9333] main-server.c:93 at main(): [DEBUG]: Bytes write: 39
2023/10/28 09:45:23 [9333] main-server.c:93 at main(): [DEBUG]: Bytes write: 38
2023/10/28 09:45:23 [9332] main-server.c:203 at connection_mgr(): [ERROR]: (1114): Error recv due to [(0)-(Success)].
2023/10/28 09:45:24 [9332] main-server.c:203 at connection_mgr(): [ERROR]: (1114): Error recv due to [(0)-(Success)].
2023/10/28 09:47:52 [9443] main-server.c:143 at connection_mgr(): [DEBUG]: Connection manager started.
2023/10/28 09:47:52 [9443] main-server.c:225 at data_mgr(): [DEBUG]: Data manager started.
2023/10/28 09:47:54 [9443] main-server.c:192 at connection_mgr(): [INFO]: New connection from 192.168.107.128
2023/10/28 09:47:54 [9459] client.c:77 at main(): [INFO]: Connect to server successfully.
2023/10/28 09:47:54 [9444] main-server.c:93 at main(): [DEBUG]: Bytes write: 38
2023/10/28 09:47:55 [9467] client.c:77 at main(): [INFO]: Connect to server successfully.
2023/10/28 09:47:55 [9443] main-server.c:192 at connection_mgr(): [INFO]: New connection from 192.168.107.128
2023/10/28 09:47:55 [9444] main-server.c:93 at main(): [DEBUG]: Bytes write: 39
2023/10/28 09:47:56 [9444] main-server.c:93 at main(): [DEBUG]: Bytes write: 38
2023/10/28 09:47:57 [9444] main-server.c:93 at main(): [DEBUG]: Bytes write: 39
2023/10/28 09:47:58 [9444] main-server.c:93 at main(): [DEBUG]: Bytes write: 38
2023/10/28 09:47:59 [9443] main-server.c:203 at connection_mgr(): [ERROR]: (1114): Error recv due to [(0)-(Success)].
2023/10/28 09:47:59 [9443] main-server.c:203 at connection_mgr(): [ERROR]: (1114): Error recv due to [(0)-(Success)].
