2023/08/15 17:49:48 [debug]: -p needs an argument
2023/08/15 17:49:50 [debug]: -p needs an argument
2023/08/15 17:50:06 [debug]: -p needs an argument
2023/08/16 16:09:36 [ERROR]: (1202): Unable to Bind port '123' due to [(13)-(Permission denied)].
2023/08/16 16:10:01 [INFO]: Accepting connections on port 123.
2023/08/16 16:16:30 [ERROR]: (1202): Unable to Bind port '123' due to [(13)-(Permission denied)].
2023/08/16 16:18:54 [INFO]: Accepting connections on port 123.
2023/08/16 16:22:12 [INFO]: Accepting connections on port 123.
2023/08/16 16:22:12 [INFO]: Status: 0
2023/08/16 16:22:12 [INFO]: run_connection_manager is running...
2023/08/16 16:54:27 [1316817] main-server.c:102 at main(): [ERROR]: (1202): Unable to Bind port '123' due to [(13)-(Permission denied)].
2023/08/16 17:02:53 [1317537] os_net.c:19 at OS_Bindport(): [DEBUG]: OS_Bindport ----- 19
2023/08/16 17:02:53 [1317537] os_net.c:23 at OS_Bindport(): [DEBUG]: OS_Bindport ----- 23
2023/08/16 17:02:53 [1317537] os_net.c:28 at OS_Bindport(): [DEBUG]: OS_Bindport ----- 28
2023/08/16 17:02:53 [1317537] main-server.c:102 at main(): [ERROR]: (1202): Unable to Bind port '123' due to [(13)-(Permission denied)].
2023/08/16 17:03:13 [1317695] os_net.c:19 at OS_Bindport(): [DEBUG]: OS_Bindport ----- 19
2023/08/16 17:03:13 [1317695] os_net.c:23 at OS_Bindport(): [DEBUG]: OS_Bindport ----- 23
2023/08/16 17:03:13 [1317695] os_net.c:28 at OS_Bindport(): [DEBUG]: OS_Bindport ----- 28
2023/08/16 17:03:13 [1317695] os_net.c:36 at OS_Bindport(): [DEBUG]: OS_Bindport ----- 36
2023/08/16 17:03:13 [1317695] main-server.c:102 at main(): [ERROR]: (1202): Unable to Bind port '123' due to [(13)-(Permission denied)].
2023/08/16 17:03:43 [1317924] os_net.c:40 at OS_Bindport(): [DEBUG]: OS_Bindport ----- 40
2023/08/16 17:03:43 [1317924] main-server.c:102 at main(): [ERROR]: (1202): Unable to Bind port '123' due to [(13)-(Permission denied)].
2023/08/16 17:04:17 [1318178] os_net.c:47 at OS_Bindport(): [DEBUG]: OS_Bindport ----- 47
2023/08/16 17:04:17 [1318178] main-server.c:102 at main(): [ERROR]: (1202): Unable to Bind port '123' due to [(13)-(Permission denied)].
2023/08/16 17:04:35 [1318333] main-server.c:102 at main(): [ERROR]: (1202): Unable to Bind port '123' due to [(13)-(Permission denied)].
2023/08/16 17:05:29 [1318703] os_net.c:50 at OS_Bindport(): [DEBUG]: OS_Bindport ----- 50
2023/08/16 17:05:29 [1318703] main-server.c:102 at main(): [ERROR]: (1202): Unable to Bind port '123' due to [(13)-(Permission denied)].
2023/08/16 17:05:35 [1318758] os_net.c:55 at OS_Bindport(): [DEBUG]: OS_Bindport ----- 55
2023/08/16 17:05:35 [1318758] main-server.c:106 at main(): [INFO]: Accepting connections on port 123.
2023/08/16 17:05:35 [1318758] main-server.c:128 at run_connection_manager(): [INFO]: run_connection_manager is running...
2023/08/16 17:05:35 [1318758] main-server.c:143 at run_connection_manager(): [DEBUG]: Network timeout is disabled.
2023/08/16 17:05:35 [1318758] main-server.c:146 at run_connection_manager(): [DEBUG]: Remote server ready.
2023/08/16 17:05:35 [1318758] main-server.c:116 at main(): [INFO]: Status: 0
2023/08/16 17:06:52 [1319310] os_net.c:55 at OS_Bindport(): [DEBUG]: OS_Bindport ----- 55
2023/08/16 17:06:52 [1319310] main-server.c:106 at main(): [INFO]: Accepting connections on port 123.
2023/08/16 17:06:52 [1319310] main-server.c:116 at main(): [INFO]: Status: 0
2023/08/16 17:06:52 [1319310] main-server.c:128 at run_connection_manager(): [INFO]: run_connection_manager is running...
2023/08/16 17:06:52 [1319310] main-server.c:143 at run_connection_manager(): [DEBUG]: Network timeout is disabled.
2023/08/16 17:06:52 [1319310] main-server.c:146 at run_connection_manager(): [DEBUG]: Remote server ready.
2023/08/16 17:07:02 [1319431] os_net.c:50 at OS_Bindport(): [DEBUG]: OS_Bindport ----- 50
2023/08/16 17:07:02 [1319431] main-server.c:102 at main(): [ERROR]: (1202): Unable to Bind port '123' due to [(13)-(Permission denied)].
2023/08/16 17:10:12 [1320621] os_net.c:50 at OS_Bindport(): [DEBUG]: OS_Bindport ----- 50
2023/08/16 17:10:12 [1320621] main-server.c:102 at main(): [ERROR]: (1202): Unable to Bind port '123' due to [(13)-(Permission denied)].
2023/08/16 17:17:37 [1323306] main-server.c:106 at main(): [INFO]: Accepting connections on port 1234.
2023/08/16 17:17:37 [1323306] main-server.c:128 at run_connection_manager(): [INFO]: run_connection_manager is running...
2023/08/16 17:17:37 [1323306] main-server.c:116 at main(): [INFO]: Status: 0
2023/08/16 17:17:37 [1323306] main-server.c:143 at run_connection_manager(): [DEBUG]: Network timeout is disabled.
2023/08/16 17:17:37 [1323306] main-server.c:146 at run_connection_manager(): [DEBUG]: Remote server ready.
2023/08/16 17:18:20 [1323609] main-server.c:106 at main(): [INFO]: Accepting connections on port 1024.
2023/08/16 17:18:20 [1323609] main-server.c:116 at main(): [INFO]: Status: 0
2023/08/16 17:18:20 [1323609] main-server.c:128 at run_connection_manager(): [INFO]: run_connection_manager is running...
2023/08/16 17:18:20 [1323609] main-server.c:143 at run_connection_manager(): [DEBUG]: Network timeout is disabled.
2023/08/16 17:18:20 [1323609] main-server.c:146 at run_connection_manager(): [DEBUG]: Remote server ready.
2023/08/16 17:18:26 [1323675] os_net.c:50 at OS_Bindport(): [DEBUG]: OS_Bindport ----- 50
2023/08/16 17:18:26 [1323675] main-server.c:102 at main(): [ERROR]: (1202): Unable to Bind port '1023' due to [(13)-(Permission denied)].
